# JRE version: OpenJDK Runtime Environment (23.0.2+7) (build 23.0.2+7-58)
# Java VM: OpenJDK 64-Bit Server VM (23.0.2+7-58, mixed mode, sharing, tiered, compressed oops, compressed class ptrs, g1 gc, windows-amd64)
GC Precious Log:
 CardTable entry size: 512
 Card Set container configuration: InlinePtr #cards 4 size 8 Array Of Cards #cards 16 size 48 Howl #buckets 8 coarsen threshold 3686 Howl Bitmap #cards 512 size 80 coarsen threshold 460 Card regions per heap region 1 cards per card region 4096
 CPUs: 12 total, 12 available
 Memory: 15706M
 Large Page Support: Disabled
 NUMA Support: Disabled
 Compressed Oops: Enabled (Zero based)
 Heap Region Size: 2M
 Heap Min Capacity: 8M
 Heap Initial Capacity: 246M
 Heap Max Capacity: 3928M
 Pre-touch: Disabled
 Parallel Workers: 10
 Concurrent Workers: 3
 Concurrent Refinement Workers: 10
 Periodic GC: Disabled
Heap:
 garbage-first heap   total reserved 4022272K, committed 71680K, used 48202K [0x000000070a800000, 0x0000000800000000)
  region size 2048K, 5 young (10240K), 1 survivors (2048K)
 Metaspace       used 82098K, committed 83008K, reserved 1179648K
  class space    used 11575K, committed 11968K, reserved 1048576K
GC Heap History (20 events):
Event: 23.640 GC heap before
{Heap before GC invocations=17 (full 0):
 garbage-first heap   total reserved 4022272K, committed 61440K, used 52329K [0x000000070a800000, 0x0000000800000000)
  region size 2048K, 12 young (24576K), 2 survivors (4096K)
 Metaspace       used 67509K, committed 68160K, reserved 1114112K
  class space    used 9430K, committed 9728K, reserved 1048576K
}
Event: 23.646 GC heap after
{Heap after GC invocations=18 (full 0):
 garbage-first heap   total reserved 4022272K, committed 61440K, used 32136K [0x000000070a800000, 0x0000000800000000)
  region size 2048K, 1 young (2048K), 1 survivors (2048K)
 Metaspace       used 67509K, committed 68160K, reserved 1114112K
  class space    used 9430K, committed 9728K, reserved 1048576K
}
Event: 24.128 GC heap before
{Heap before GC invocations=19 (full 0):
 garbage-first heap   total reserved 4022272K, committed 61440K, used 52616K [0x000000070a800000, 0x0000000800000000)
  region size 2048K, 12 young (24576K), 1 survivors (2048K)
 Metaspace       used 69113K, committed 69760K, reserved 1114112K
  class space    used 9805K, committed 10112K, reserved 1048576K
}
Event: 24.133 GC heap after
{Heap after GC invocations=20 (full 0):
 garbage-first heap   total reserved 4022272K, committed 61440K, used 33178K [0x000000070a800000, 0x0000000800000000)
  region size 2048K, 2 young (4096K), 2 survivors (4096K)
 Metaspace       used 69113K, committed 69760K, reserved 1114112K
  class space    used 9805K, committed 10112K, reserved 1048576K
}
Event: 24.224 GC heap before
{Heap before GC invocations=20 (full 0):
 garbage-first heap   total reserved 4022272K, committed 61440K, used 51610K [0x000000070a800000, 0x0000000800000000)
  region size 2048K, 11 young (22528K), 2 survivors (4096K)
 Metaspace       used 69119K, committed 69760K, reserved 1114112K
  class space    used 9805K, committed 10112K, reserved 1048576K
}
Event: 24.230 GC heap after
{Heap after GC invocations=21 (full 0):
 garbage-first heap   total reserved 4022272K, committed 61440K, used 33112K [0x000000070a800000, 0x0000000800000000)
  region size 2048K, 1 young (2048K), 1 survivors (2048K)
 Metaspace       used 69119K, committed 69760K, reserved 1114112K
  class space    used 9805K, committed 10112K, reserved 1048576K
}
Event: 24.682 GC heap before
{Heap before GC invocations=21 (full 0):
 garbage-first heap   total reserved 4022272K, committed 61440K, used 53592K [0x000000070a800000, 0x0000000800000000)
  region size 2048K, 11 young (22528K), 1 survivors (2048K)
 Metaspace       used 70913K, committed 71552K, reserved 1114112K
  class space    used 10026K, committed 10304K, reserved 1048576K
}
Event: 24.686 GC heap after
{Heap after GC invocations=22 (full 0):
 garbage-first heap   total reserved 4022272K, committed 61440K, used 34011K [0x000000070a800000, 0x0000000800000000)
  region size 2048K, 2 young (4096K), 2 survivors (4096K)
 Metaspace       used 70913K, committed 71552K, reserved 1114112K
  class space    used 10026K, committed 10304K, reserved 1048576K
}
Event: 25.210 GC heap before
{Heap before GC invocations=23 (full 0):
 garbage-first heap   total reserved 4022272K, committed 61440K, used 50395K [0x000000070a800000, 0x0000000800000000)
  region size 2048K, 10 young (20480K), 2 survivors (4096K)
 Metaspace       used 72258K, committed 72960K, reserved 1114112K
  class space    used 10239K, committed 10560K, reserved 1048576K
}
Event: 25.215 GC heap after
{Heap after GC invocations=24 (full 0):
 garbage-first heap   total reserved 4022272K, committed 61440K, used 34910K [0x000000070a800000, 0x0000000800000000)
  region size 2048K, 2 young (4096K), 2 survivors (4096K)
 Metaspace       used 72258K, committed 72960K, reserved 1114112K
  class space    used 10239K, committed 10560K, reserved 1048576K
}
Event: 25.935 GC heap before
{Heap before GC invocations=24 (full 0):
 garbage-first heap   total reserved 4022272K, committed 61440K, used 51294K [0x000000070a800000, 0x0000000800000000)
  region size 2048K, 10 young (20480K), 2 survivors (4096K)
 Metaspace       used 74292K, committed 74944K, reserved 1114112K
  class space    used 10527K, committed 10816K, reserved 1048576K
}
Event: 25.942 GC heap after
{Heap after GC invocations=25 (full 0):
 garbage-first heap   total reserved 4022272K, committed 61440K, used 36161K [0x000000070a800000, 0x0000000800000000)
  region size 2048K, 2 young (4096K), 2 survivors (4096K)
 Metaspace       used 74292K, committed 74944K, reserved 1114112K
  class space    used 10527K, committed 10816K, reserved 1048576K
}
Event: 26.779 GC heap before
{Heap before GC invocations=25 (full 0):
 garbage-first heap   total reserved 4022272K, committed 61440K, used 52545K [0x000000070a800000, 0x0000000800000000)
  region size 2048K, 10 young (20480K), 2 survivors (4096K)
 Metaspace       used 76439K, committed 77120K, reserved 1179648K
  class space    used 10835K, committed 11136K, reserved 1048576K
}
Event: 26.786 GC heap after
{Heap after GC invocations=26 (full 0):
 garbage-first heap   total reserved 4022272K, committed 61440K, used 38349K [0x000000070a800000, 0x0000000800000000)
  region size 2048K, 2 young (4096K), 2 survivors (4096K)
 Metaspace       used 76439K, committed 77120K, reserved 1179648K
  class space    used 10835K, committed 11136K, reserved 1048576K
}
Event: 79.006 GC heap before
{Heap before GC invocations=27 (full 0):
 garbage-first heap   total reserved 4022272K, committed 65536K, used 50637K [0x000000070a800000, 0x0000000800000000)
  region size 2048K, 8 young (16384K), 2 survivors (4096K)
 Metaspace       used 77714K, committed 78528K, reserved 1179648K
  class space    used 10998K, committed 11392K, reserved 1048576K
}
Event: 79.013 GC heap after
{Heap after GC invocations=28 (full 0):
 garbage-first heap   total reserved 4022272K, committed 65536K, used 38774K [0x000000070a800000, 0x0000000800000000)
  region size 2048K, 1 young (2048K), 1 survivors (2048K)
 Metaspace       used 77714K, committed 78528K, reserved 1179648K
  class space    used 10998K, committed 11392K, reserved 1048576K
}
Event: 80.330 GC heap before
{Heap before GC invocations=28 (full 0):
 garbage-first heap   total reserved 4022272K, committed 65536K, used 53110K [0x000000070a800000, 0x0000000800000000)
  region size 2048K, 9 young (18432K), 1 survivors (2048K)
 Metaspace       used 80813K, committed 81664K, reserved 1179648K
  class space    used 11430K, committed 11840K, reserved 1048576K
}
Event: 80.338 GC heap after
{Heap after GC invocations=29 (full 0):
 garbage-first heap   total reserved 4022272K, committed 65536K, used 41597K [0x000000070a800000, 0x0000000800000000)
  region size 2048K, 2 young (4096K), 2 survivors (4096K)
 Metaspace       used 80813K, committed 81664K, reserved 1179648K
  class space    used 11430K, committed 11840K, reserved 1048576K
}
Event: 143.288 GC heap before
{Heap before GC invocations=30 (full 0):
 garbage-first heap   total reserved 4022272K, committed 71680K, used 53885K [0x000000070a800000, 0x0000000800000000)
  region size 2048K, 8 young (16384K), 2 survivors (4096K)
 Metaspace       used 81645K, committed 82496K, reserved 1179648K
  class space    used 11529K, committed 11904K, reserved 1048576K
}
Event: 143.297 GC heap after
{Heap after GC invocations=31 (full 0):
 garbage-first heap   total reserved 4022272K, committed 71680K, used 42058K [0x000000070a800000, 0x0000000800000000)
  region size 2048K, 1 young (2048K), 1 survivors (2048K)
 Metaspace       used 81645K, committed 82496K, reserved 1179648K
  class space    used 11529K, committed 11904K, reserved 1048576K
}

